<?xml version="1.0" encoding="UTF-8"?>
<testng-results ignored="0" total="1" passed="1" failed="0" skipped="0">
  <reporter-output>
  </reporter-output>
  <suite started-at="2022-12-01T10:13:53 IST" name="Default suite" finished-at="2022-12-01T10:14:35 IST" duration-ms="42215">
    <groups>
    </groups>
    <test started-at="2022-12-01T10:13:53 IST" name="Default test" finished-at="2022-12-01T10:14:35 IST" duration-ms="42215">
      <class name="com.cp.TestCases.HomePageTest">
        <test-method signature="TC_Coursera()[pri:0, instance:com.cp.TestCases.HomePageTest@7de4a01f]" started-at="2022-12-01T10:13:53 IST" name="TC_Coursera" finished-at="2022-12-01T10:14:34 IST" duration-ms="41199" status="PASS">
          <reporter-output>
          </reporter-output>
        </test-method> <!-- TC_Coursera -->
        <test-method is-config="true" signature="TearDown()[pri:0, instance:com.cp.TestCases.HomePageTest@7de4a01f]" started-at="2022-12-01T10:14:34 IST" name="TearDown" finished-at="2022-12-01T10:14:35 IST" duration-ms="921" status="PASS">
          <reporter-output>
          </reporter-output>
        </test-method> <!-- TearDown -->
      </class> <!-- com.cp.TestCases.HomePageTest -->
    </test> <!-- Default test -->
  </suite> <!-- Default suite -->
</testng-results>
